<?xml version="1.0" encoding="UTF-8"?>
<!-- Generated by org.testng.reporters.JUnitXMLReporter -->
<testsuite ignored="0" hostname="KSTQATester" failures="0" tests="0" name="Default test" time="0.317" errors="0" timestamp="2022-09-14T16:45:52 WIB">
  <testcase classname="io.cucumber.testng.AbstractTestNGCucumberTests" name="@BeforeClass setUpClass" time="0.285">
    <failure type="io.cucumber.core.gherkin.FeatureParserException" message="Failed to parse resource at: file:///C:/Users/nurba/eclipse-workspace/com.ptdika.siloam/src/test/resources/features/1.loginSales.feature
(1:2): expected: #EOF, #Language, #TagLine, #FeatureLine, #Comment, #Empty, got &amp;apos;Feature : Login User&amp;apos;
(4:3): expected: #TagLine, #FeatureLine, #Comment, #Empty, got &amp;apos;Scenario: User invalid login&amp;apos;
(5:5): expected: #TagLine, #FeatureLine, #Comment, #Empty, got &amp;apos;When User go to Web Dika Siloam&amp;apos;
(6:5): expected: #TagLine, #FeatureLine, #Comment, #Empty, got &amp;apos;And User enter Invalid username and password&amp;apos;
(7:5): expected: #TagLine, #FeatureLine, #Comment, #Empty, got &amp;apos;And User click button login_invalid&amp;apos;
(8:5): expected: #TagLine, #FeatureLine, #Comment, #Empty, got &amp;apos;Then User enter invalid credentials&amp;apos;
(11:3): expected: #TagLine, #FeatureLine, #Comment, #Empty, got &amp;apos;Scenario: User valid login&amp;apos;
(12:5): expected: #TagLine, #FeatureLine, #Comment, #Empty, got &amp;apos;When User enter valid username and password&amp;apos;
(13:5): expected: #TagLine, #FeatureLine, #Comment, #Empty, got &amp;apos;And User click button login valid&amp;apos;
(14:5): expected: #TagLine, #FeatureLine, #Comment, #Empty, got &amp;apos;Then User enter valid credentials&amp;apos;
(15:0): unexpected end of file, expected: #TagLine, #FeatureLine, #Comment, #Empty">
      <![CDATA[io.cucumber.core.gherkin.FeatureParserException: Failed to parse resource at: file:///C:/Users/nurba/eclipse-workspace/com.ptdika.siloam/src/test/resources/features/1.loginSales.feature
(1:2): expected: #EOF, #Language, #TagLine, #FeatureLine, #Comment, #Empty, got 'Feature : Login User'
(4:3): expected: #TagLine, #FeatureLine, #Comment, #Empty, got 'Scenario: User invalid login'
(5:5): expected: #TagLine, #FeatureLine, #Comment, #Empty, got 'When User go to Web Dika Siloam'
(6:5): expected: #TagLine, #FeatureLine, #Comment, #Empty, got 'And User enter Invalid username and password'
(7:5): expected: #TagLine, #FeatureLine, #Comment, #Empty, got 'And User click button login_invalid'
(8:5): expected: #TagLine, #FeatureLine, #Comment, #Empty, got 'Then User enter invalid credentials'
(11:3): expected: #TagLine, #FeatureLine, #Comment, #Empty, got 'Scenario: User valid login'
(12:5): expected: #TagLine, #FeatureLine, #Comment, #Empty, got 'When User enter valid username and password'
(13:5): expected: #TagLine, #FeatureLine, #Comment, #Empty, got 'And User click button login valid'
(14:5): expected: #TagLine, #FeatureLine, #Comment, #Empty, got 'Then User enter valid credentials'
(15:0): unexpected end of file, expected: #TagLine, #FeatureLine, #Comment, #Empty
at io.cucumber.core.gherkin.messages.GherkinMessagesFeatureParser.parse(GherkinMessagesFeatureParser.java:43)
at io.cucumber.core.feature.FeatureParser.parseResource(FeatureParser.java:45)
at java.base/java.util.function.BiFunction.lambda$andThen$0(BiFunction.java:70)
at io.cucumber.core.resource.ResourceScanner.lambda$processResource$1(ResourceScanner.java:79)
at io.cucumber.core.resource.PathScanner$ResourceFileVisitor.visitFile(PathScanner.java:75)
at io.cucumber.core.resource.PathScanner$ResourceFileVisitor.visitFile(PathScanner.java:60)
at java.base/java.nio.file.Files.walkFileTree(Files.java:2811)
at io.cucumber.core.resource.PathScanner.findResourcesForPath(PathScanner.java:53)
at io.cucumber.core.resource.PathScanner.findResourcesForUri(PathScanner.java:31)
at io.cucumber.core.resource.ResourceScanner.findResourcesForUri(ResourceScanner.java:61)
at io.cucumber.core.resource.ResourceScanner.scanForResourcesUri(ResourceScanner.java:134)
at io.cucumber.core.runtime.FeaturePathFeatureSupplier.loadFeatures(FeaturePathFeatureSupplier.java:62)
at io.cucumber.core.runtime.FeaturePathFeatureSupplier.get(FeaturePathFeatureSupplier.java:45)
at io.cucumber.testng.TestNGCucumberRunner.<init>(TestNGCucumberRunner.java:122)
at io.cucumber.testng.AbstractTestNGCucumberTests.setUpClass(AbstractTestNGCucumberTests.java:27)
at java.base/jdk.internal.reflect.NativeMethodAccessorImpl.invoke0(Native Method)
at java.base/jdk.internal.reflect.NativeMethodAccessorImpl.invoke(NativeMethodAccessorImpl.java:77)
at java.base/jdk.internal.reflect.DelegatingMethodAccessorImpl.invoke(DelegatingMethodAccessorImpl.java:43)
at java.base/java.lang.reflect.Method.invoke(Method.java:568)
at org.testng.internal.MethodInvocationHelper.invokeMethod(MethodInvocationHelper.java:133)
at org.testng.internal.MethodInvocationHelper.invokeMethodConsideringTimeout(MethodInvocationHelper.java:62)
at org.testng.internal.ConfigInvoker.invokeConfigurationMethod(ConfigInvoker.java:385)
at org.testng.internal.ConfigInvoker.invokeConfigurations(ConfigInvoker.java:321)
at org.testng.internal.TestMethodWorker.invokeBeforeClassMethods(TestMethodWorker.java:176)
at org.testng.internal.TestMethodWorker.run(TestMethodWorker.java:122)
at java.base/java.util.ArrayList.forEach(ArrayList.java:1511)
at org.testng.TestRunner.privateRun(TestRunner.java:794)
at org.testng.TestRunner.run(TestRunner.java:596)
at org.testng.SuiteRunner.runTest(SuiteRunner.java:377)
at org.testng.SuiteRunner.runSequentially(SuiteRunner.java:371)
at org.testng.SuiteRunner.privateRun(SuiteRunner.java:332)
at org.testng.SuiteRunner.run(SuiteRunner.java:276)
at org.testng.SuiteRunnerWorker.runSuite(SuiteRunnerWorker.java:53)
at org.testng.SuiteRunnerWorker.run(SuiteRunnerWorker.java:96)
at org.testng.TestNG.runSuitesSequentially(TestNG.java:1212)
at org.testng.TestNG.runSuitesLocally(TestNG.java:1134)
at org.testng.TestNG.runSuites(TestNG.java:1063)
at org.testng.TestNG.run(TestNG.java:1031)
at org.testng.remote.AbstractRemoteTestNG.run(AbstractRemoteTestNG.java:115)
at org.testng.remote.RemoteTestNG.initAndRun(RemoteTestNG.java:251)
at org.testng.remote.RemoteTestNG.main(RemoteTestNG.java:77)
]]>
    </failure>
  </testcase> <!-- @BeforeClass setUpClass -->
</testsuite> <!-- Default test -->
